Loading db file '/Users/Grad/knarayanaswamy/verilog/nandgate/osu_soc/lib/files/gscl45nm.db'
Information: Propagating switching activity (low effort zero delay simulation). (PWR-6)
Warning: Design has unannotated primary inputs. (PWR-414)
Warning: Design has unannotated sequential cell outputs. (PWR-415)
 
****************************************
Report : power
        -analysis_effort low
Design : counter
Version: H-2013.03-SP3
Date   : Thu Jul 31 18:12:02 2025
****************************************


Library(s) Used:

    gscl45nm (File: /Users/Grad/knarayanaswamy/verilog/nandgate/osu_soc/lib/files/gscl45nm.db)


Operating Conditions: typical   Library: gscl45nm
Wire Load Model Mode: top


Global Operating Voltage = 1.1  
Power-specific unit information :
    Voltage Units = 1V
    Capacitance Units = 1.000000pf
    Time Units = 1ns
    Dynamic Power Units = 1mW    (derived from V,C,T units)
    Leakage Power Units = 1nW


  Cell Internal Power  = 276.9162 uW   (88%)
  Net Switching Power  =  37.6619 uW   (12%)
                         ---------
Total Dynamic Power    = 314.5781 uW  (100%)

Cell Leakage Power     = 468.6853 nW


                 Internal         Switching           Leakage            Total
Power Group      Power            Power               Power              Power   (   %    )  Attrs
--------------------------------------------------------------------------------------------------
io_pad             0.0000            0.0000            0.0000            0.0000  (   0.00%)
memory             0.0000            0.0000            0.0000            0.0000  (   0.00%)
black_box          0.0000            0.0000            0.0000            0.0000  (   0.00%)
clock_network      0.0000            0.0000            0.0000            0.0000  (   0.00%)
register           0.2337        7.1825e-03          219.9096            0.2411  (  76.54%)
sequential         0.0000            0.0000            0.0000            0.0000  (   0.00%)
combinational  4.3187e-02        3.0479e-02          248.7757        7.3915e-02  (  23.46%)
--------------------------------------------------------------------------------------------------
Total              0.2769 mW     3.7662e-02 mW       468.6853 nW         0.3150 mW
1
